<?xml version="1.0" encoding="UTF-8"?>
<testsuite xmlns:xsi="http://www.w3.org/2001/XMLSchema-instance" xsi:noNamespaceSchemaLocation="https://maven.apache.org/surefire/maven-surefire-plugin/xsd/surefire-test-report-3.0.xsd" version="3.0" name="TestSuite" time="7.026" tests="1" errors="0" skipped="0" failures="0">
  <properties>
[...]
</properties>
  <testcase name="runScenario[&quot;Verify if place being successfully added using AddPlaceAPI&quot;, &quot;Validating Place APIs&quot;](1)" classname="cucumber.Options.TestRunner" time="5.879">
    <system-out><![CDATA[
@AddPlace
Scenario Outline: Verify if place being successfully added using AddPlaceAPI # src/test/java/features/placeValidations.feature:15
  Given Add Place Payload with "Tejas" "English" "West Kurla"                # stepDefinations.placeValidations.add_place_payload_with(java.lang.String,java.lang.String,java.lang.String)
/maps/api/place/add/json
  When User calls "AddPlaceAPI" with "Post" http request                     # stepDefinations.placeValidations.user_calls_with_http_request(java.lang.String,java.lang.String)
  Then The API call is success with status code 200                          # stepDefinations.placeValidations.the_api_call_is_success_with_status_code(java.lang.Integer)
  And "status" in response body is "OK"                                      # stepDefinations.placeValidations.in_response_body_is(java.lang.String,java.lang.String)
  And "scope" in response body is "APP"                                      # stepDefinations.placeValidations.in_response_body_is(java.lang.String,java.lang.String)
/maps/api/place/get/json
  And Verify place_id created maps to "Tejas" using "GetPlaceAPI"            # stepDefinations.placeValidations.verify_place_id_created_maps_to_using(java.lang.String,java.lang.String)
]]></system-out>
    <system-err><![CDATA[SLF4J(W): No SLF4J providers were found.
SLF4J(W): Defaulting to no-operation (NOP) logger implementation
SLF4J(W): See https://www.slf4j.org/codes.html#noProviders for further details.
]]></system-err>
  </testcase>
</testsuite>