<?xml version="1.0" encoding="UTF-8"?>
<!-- Generated by org.testng.reporters.JUnitReportReporter -->
<testsuite hostname="TDhande" failures="0" tests="3" name="cucumber.Options.TestRunner" time="7.163" errors="0" timestamp="2025-10-13T13:56:22 IST" skipped="0">
  <testcase classname="cucumber.Options.TestRunner" name="runScenario" time="2.451"/>
  <testcase classname="cucumber.Options.TestRunner" name="runScenario" time="2.315"/>
  <testcase classname="cucumber.Options.TestRunner" name="runScenario" time="2.397"/>
</testsuite> <!-- cucumber.Options.TestRunner -->
